<?xml version="1.0" encoding="UTF-8"?>
<!-- Generated by org.testng.reporters.JUnitXMLReporter -->
<testsuite ignored="1" hostname="DESKTOP-N69FRRO" failures="1" tests="2" name="Test" time="25.136" errors="0" timestamp="2025-05-14T22:58:29 IST">
  <testcase classname="testCases.TS_001_Registration" name="account_Register" time="3.861"/>
  <testcase classname="testCases.TS_002_LoginTest" name="account_Login" time="12.05">
    <failure type="java.lang.AssertionError" message="expected [true] but found [false]">
      <![CDATA[java.lang.AssertionError: expected [true] but found [false]
at testCases.TS_002_LoginTest.account_Login(TS_002_LoginTest.java:40)
at java.base/java.util.ArrayList.forEach(ArrayList.java:1597)
... Removed 29 stack frames]]>
    </failure>
  </testcase> <!-- account_Login -->
  <testcase classname="testCases.TS_003_LoginDDT" name="verify_loginDDT" time="0.0">
    <ignored/>
  </testcase> <!-- verify_loginDDT -->
</testsuite> <!-- Test -->
